<?xml version="1.0" encoding="UTF-8"?>
<testng-results ignored="0" total="1" passed="1" failed="0" skipped="0">
  <reporter-output>
  </reporter-output>
  <suite started-at="2021-10-09T14:09:55Z" name="Default suite" finished-at="2021-10-09T14:09:59Z" duration-ms="3559">
    <groups>
    </groups>
    <test started-at="2021-10-09T14:09:55Z" name="Default test" finished-at="2021-10-09T14:09:59Z" duration-ms="3559">
      <class name="JIRA.JIRA_Test">
        <test-method signature="jiraTest()[pri:0, instance:JIRA.JIRA_Test@33c911a1]" started-at="2021-10-09T14:09:55Z" name="jiraTest" finished-at="2021-10-09T14:09:59Z" duration-ms="3524" status="PASS">
          <reporter-output>
          </reporter-output>
        </test-method> <!-- jiraTest -->
      </class> <!-- JIRA.JIRA_Test -->
    </test> <!-- Default test -->
  </suite> <!-- Default suite -->
</testng-results>
